{"name": "Переход в раздел «История заказов»", "status": "broken", "statusDetails": {"message": "selenium.common.exceptions.TimeoutException: Message: \nStacktrace:\n\tGetHandleVerifier [0x00007FF653A16EE5+28773]\n\t(No symbol) [0x00007FF6539825D0]\n\t(No symbol) [0x00007FF653818FAA]\n\t(No symbol) [0x00007FF65386F286]\n\t(No symbol) [0x00007FF65386F4BC]\n\t(No symbol) [0x00007FF6538C2A27]\n\t(No symbol) [0x00007FF65389728F]\n\t(No symbol) [0x00007FF6538BF6F3]\n\t(No symbol) [0x00007FF653897023]\n\t(No symbol) [0x00007FF65385FF5E]\n\t(No symbol) [0x00007FF6538611E3]\n\tGetHandleVerifier [0x00007FF653D6422D+3490733]\n\tGetHandleVerifier [0x00007FF653D7BA13+3586963]\n\tGetHandleVerifier [0x00007FF653D7144D+3544525]\n\tGetHandleVerifier [0x00007FF653ADC9AA+838442]\n\t(No symbol) [0x00007FF65398D01F]\n\t(No symbol) [0x00007FF6539895E4]\n\t(No symbol) [0x00007FF653989786]\n\t(No symbol) [0x00007FF653978CB9]\n\tBaseThreadInitThunk [0x00007FFD51527604+20]\n\tRtlUserThreadStart [0x00007FFD529226A1+33]", "trace": "self = <personal_account_test.TestPersonalAccount object at 0x000002C5AF7AF250>, driver = <selenium.webdriver.chrome.webdriver.WebDriver (session=\"50f471aa09ec91b4883e6c066a95cc45\")>\ntest_user = {'email': 'joseph05@example.net', 'name': 'David Thomas', 'password': 'password'}\n\n    @allure.description('Переход в раздел «История заказов»')\n    @allure.title('Переход в раздел «История заказов»')\n    def test_history_order(self, driver, test_user):\n        base_page = BasePage(driver)\n        account_page = AccountPage(driver)\n    \n        account_page.wait_button_account()\n        account_page.login_to_account(test_user)\n    \n        account_page.wait_button_personal_account()\n        account_page.click_button_personal_account()\n    \n>       account_page.wait_history_order()\n\ntests\\personal_account_test.py:37: \n_ _ _ _ _ _ _ _ _ _ _ _ _ _ _ _ _ _ _ _ _ _ _ _ _ _ _ _ _ _ _ _ _ _ _ _ _ _ _ _ _ _ _ _ _ _ _ _ _ _ _ _ _ _ _ _ _ _ _ _ _ _ _ _ _ _ _ _ _ _ _ _ _ _ _ _ _ _ _ _ _ _ _ _ _ _ _ _ _ _ _ _ _ _ _ _ _ _ _ _ _ _ _ _ _ _ _ _ _ _ _ _ _ _\npages\\personal_account_page.py:34: in wait_history_order\n    self.wait_clickable_element(PersonalAccountLocators.history_order)\npages\\base_page.py:15: in wait_clickable_element\n    return WebDriverWait(self.driver, timeout).until(EC.element_to_be_clickable(locator))\n_ _ _ _ _ _ _ _ _ _ _ _ _ _ _ _ _ _ _ _ _ _ _ _ _ _ _ _ _ _ _ _ _ _ _ _ _ _ _ _ _ _ _ _ _ _ _ _ _ _ _ _ _ _ _ _ _ _ _ _ _ _ _ _ _ _ _ _ _ _ _ _ _ _ _ _ _ _ _ _ _ _ _ _ _ _ _ _ _ _ _ _ _ _ _ _ _ _ _ _ _ _ _ _ _ _ _ _ _ _ _ _ _ _\n\nself = <selenium.webdriver.support.wait.WebDriverWait (session=\"50f471aa09ec91b4883e6c066a95cc45\")>, method = <function element_to_be_clickable.<locals>._predicate at 0x000002C5AF89FE20>, message = ''\n\n    def until(self, method: Callable[[D], Union[Literal[False], T]], message: str = \"\") -> T:\n        \"\"\"Wait until the method returns a value that is not False.\n    \n        Calls the method provided with the driver as an argument until the\n        return value does not evaluate to ``False``.\n    \n        Parameters:\n        ----------\n        method: callable(WebDriver)\n            - A callable object that takes a WebDriver instance as an argument.\n    \n        message: str\n            - Optional message for :exc:`TimeoutException`\n    \n        Return:\n        -------\n        object: T\n            - The result of the last call to `method`\n    \n        Raises:\n        -------\n        TimeoutException\n            - If 'method' does not return a truthy value within the WebDriverWait\n            object's timeout\n    \n        Example:\n        --------\n        >>> from selenium.webdriver.common.by import By\n        >>> from selenium.webdriver.support.ui import WebDriverWait\n        >>> from selenium.webdriver.support import expected_conditions as EC\n    \n        # Wait until an element is visible on the page\n        >>> wait = WebDriverWait(driver, 10)\n        >>> element = wait.until(EC.visibility_of_element_located((By.ID, \"exampleId\")))\n        >>> print(element.text)\n        \"\"\"\n        screen = None\n        stacktrace = None\n    \n        end_time = time.monotonic() + self._timeout\n        while True:\n            try:\n                value = method(self._driver)\n                if value:\n                    return value\n            except self._ignored_exceptions as exc:\n                screen = getattr(exc, \"screen\", None)\n                stacktrace = getattr(exc, \"stacktrace\", None)\n            if time.monotonic() > end_time:\n                break\n            time.sleep(self._poll)\n>       raise TimeoutException(message, screen, stacktrace)\nE       selenium.common.exceptions.TimeoutException: Message: \nE       Stacktrace:\nE       \tGetHandleVerifier [0x00007FF653A16EE5+28773]\nE       \t(No symbol) [0x00007FF6539825D0]\nE       \t(No symbol) [0x00007FF653818FAA]\nE       \t(No symbol) [0x00007FF65386F286]\nE       \t(No symbol) [0x00007FF65386F4BC]\nE       \t(No symbol) [0x00007FF6538C2A27]\nE       \t(No symbol) [0x00007FF65389728F]\nE       \t(No symbol) [0x00007FF6538BF6F3]\nE       \t(No symbol) [0x00007FF653897023]\nE       \t(No symbol) [0x00007FF65385FF5E]\nE       \t(No symbol) [0x00007FF6538611E3]\nE       \tGetHandleVerifier [0x00007FF653D6422D+3490733]\nE       \tGetHandleVerifier [0x00007FF653D7BA13+3586963]\nE       \tGetHandleVerifier [0x00007FF653D7144D+3544525]\nE       \tGetHandleVerifier [0x00007FF653ADC9AA+838442]\nE       \t(No symbol) [0x00007FF65398D01F]\nE       \t(No symbol) [0x00007FF6539895E4]\nE       \t(No symbol) [0x00007FF653989786]\nE       \t(No symbol) [0x00007FF653978CB9]\nE       \tBaseThreadInitThunk [0x00007FFD51527604+20]\nE       \tRtlUserThreadStart [0x00007FFD529226A1+33]\n\n.venv\\Lib\\site-packages\\selenium\\webdriver\\support\\wait.py:146: TimeoutException"}, "description": "Переход в раздел «История заказов»", "steps": [{"name": "Ожидание кнопки «Войти»", "status": "passed", "start": 1740420987178, "stop": 1740420987219}, {"name": "Вход в ЛК", "status": "passed", "parameters": [{"name": "test_user", "value": "{'email': 'joseph05@example.net', 'password': 'password', 'name': 'David Thomas'}"}], "start": 1740420987220, "stop": 1740420987573}, {"name": "Ожидание кнопки «Личный кабинет»", "status": "passed", "start": 1740420987573, "stop": 1740420987613}, {"name": "Клик по кнопке «Личный кабинет»", "status": "passed", "start": 1740420987613, "stop": 1740420988037}, {"name": "Ожидание кнопки «История заказов»", "status": "broken", "statusDetails": {"message": "selenium.common.exceptions.TimeoutException: Message: \nStacktrace:\n\tGetHandleVerifier [0x00007FF653A16EE5+28773]\n\t(No symbol) [0x00007FF6539825D0]\n\t(No symbol) [0x00007FF653818FAA]\n\t(No symbol) [0x00007FF65386F286]\n\t(No symbol) [0x00007FF65386F4BC]\n\t(No symbol) [0x00007FF6538C2A27]\n\t(No symbol) [0x00007FF65389728F]\n\t(No symbol) [0x00007FF6538BF6F3]\n\t(No symbol) [0x00007FF653897023]\n\t(No symbol) [0x00007FF65385FF5E]\n\t(No symbol) [0x00007FF6538611E3]\n\tGetHandleVerifier [0x00007FF653D6422D+3490733]\n\tGetHandleVerifier [0x00007FF653D7BA13+3586963]\n\tGetHandleVerifier [0x00007FF653D7144D+3544525]\n\tGetHandleVerifier [0x00007FF653ADC9AA+838442]\n\t(No symbol) [0x00007FF65398D01F]\n\t(No symbol) [0x00007FF6539895E4]\n\t(No symbol) [0x00007FF653989786]\n\t(No symbol) [0x00007FF653978CB9]\n\tBaseThreadInitThunk [0x00007FFD51527604+20]\n\tRtlUserThreadStart [0x00007FFD529226A1+33]\n\n", "trace": "  File \"C:\\Users\\user\\Desktop\\Diplom\\Diplom_3\\.venv\\Lib\\site-packages\\allure_commons\\_allure.py\", line 192, in impl\n    return func(*a, **kw)\n  File \"C:\\Users\\user\\Desktop\\Diplom\\Diplom_3\\pages\\personal_account_page.py\", line 34, in wait_history_order\n    self.wait_clickable_element(PersonalAccountLocators.history_order)\n    ~~~~~~~~~~~~~~~~~~~~~~~~~~~^^^^^^^^^^^^^^^^^^^^^^^^^^^^^^^^^^^^^^^\n  File \"C:\\Users\\user\\Desktop\\Diplom\\Diplom_3\\pages\\base_page.py\", line 15, in wait_clickable_element\n    return WebDriverWait(self.driver, timeout).until(EC.element_to_be_clickable(locator))\n           ~~~~~~~~~~~~~~~~~~~~~~~~~~~~~~~~~~~~~~~~~^^^^^^^^^^^^^^^^^^^^^^^^^^^^^^^^^^^^^\n  File \"C:\\Users\\user\\Desktop\\Diplom\\Diplom_3\\.venv\\Lib\\site-packages\\selenium\\webdriver\\support\\wait.py\", line 146, in until\n    raise TimeoutException(message, screen, stacktrace)\n"}, "start": 1740420988037, "stop": 1740420998327}], "parameters": [{"name": "driver", "value": "'chrome'"}], "start": 1740420987178, "stop": 1740420998526, "uuid": "15e43ee8-5110-42f4-8213-ed55ee23ebc2", "historyId": "aa167d4ea2ae1f926433cd7c9e5a75bf", "testCaseId": "6e8e49cd48015d20e6ad0e002a5cbed5", "fullName": "tests.personal_account_test.TestPersonalAccount#test_history_order", "labels": [{"name": "parentSuite", "value": "tests"}, {"name": "suite", "value": "personal_account_test"}, {"name": "subSuite", "value": "TestPersonalAccount"}, {"name": "host", "value": "WIN-E39S914M1UH"}, {"name": "thread", "value": "48688-MainThread"}, {"name": "framework", "value": "pytest"}, {"name": "language", "value": "cpython3"}, {"name": "package", "value": "tests.personal_account_test"}]}